TN:
SF:E:\Github\2023-24d-fai2-adsai-group-cv5\src\__init__.py
DA:1,1,1B2M2Y8AsgTpgAmY7PhCfg
LF:0
LH:0
end_of_record
TN:
SF:E:\Github\2023-24d-fai2-adsai-group-cv5\src\data\data_preprocessing.py
DA:1,1,EZEzNmL93PY96zsSuI0PfQ
DA:2,1,7Z9Lj4ed27Wf2hBX6jooEA
DA:3,1,MQWkRf0l5YkZAHo8qhjTdg
DA:5,1,76gMxZk27ccEMjhEzqV59Q
DA:6,1,vVEX9wfhR3ak1iBUe3mLMg
DA:7,1,BVLi5yYmkBBJrlELGXkTqg
DA:9,1,Iwx2JnIl2MrBfVjWlCVieA
DA:12,1,3wBLZ9n5KPjYOI1HV3pZMA
DA:13,1,gFdnwIzxJ64X+nD2UauP7A
DA:15,1,QCqmnpJxSuFSmP48HfsXCA
DA:16,1,eSRlHc4uEk5Bqr7oDzEavg
DA:21,1,kNCw9vtZJ1qs6Jce3ZGvjA
DA:22,1,fsewC3ZFqyarxhhAMOVfcQ
DA:23,1,DWwa3GW/AHdyZNa9Gm2+IA
DA:24,1,AsB9hzZozDB/W8B42R4yzg
DA:28,1,1EuCaxSygM6jHSv4dyBxrA
DA:29,1,moBT16jDenSpJyqvCXm54Q
DA:30,1,6SERvfZJcIexrS3bDXe2Pg
DA:33,1,Ta6GdcZ47nF2oqi360ZBmQ
DA:34,1,4Y9bypRZ+zFpddQ+ZlvkEg
DA:37,1,qsTTFs7OYq/g5jlujJ7Kxg
DA:38,1,4EixGVOWwmZk6FiaL1zePA
DA:40,1,RSjvP+ZPPSwX8rXOA2TdIw
DA:42,1,7N85+mpXCOHrZDaV0uejPw
DA:75,1,ZyQkDHmDDsjtUlHhY6IwFA
DA:166,1,nKbeJTPaj74iLBKTaENbiQ
DA:207,1,DmhJKc7eNQ9meFYZ3OKPoA
DA:222,1,oyao8OTucAGPwEZcnzIgWQ
DA:223,1,vG7soqISWQdoPPNyDgSkzQ
DA:224,1,JXFAKQb17K8tiKiDKABeSQ
DA:225,1,PTEobwqIXZWen7ztNiRAMw
DA:227,1,Ki0KVDmh8qOo4UUsIC/evA
DA:228,1,iaqVAPqngP6egLJqBmqbKw
DA:230,1,d+G2OlDdH1lzODFduUUlQQ
DA:231,1,obh8J+hkiMLmdNdnqQIdQQ
DA:233,1,euHXYdRIeol5NgjZNMAyog
DA:235,1,8vKRIyPm0rABs4ifoSkTnQ
DA:237,1,3XVSpTrttjKE5YSU8sh6iA
DA:292,1,rVETJXUsYGAi6HP9i+OqUA
DA:49,0,xjcDBnSwra0OiNOAYAwoHA
DA:50,0,RdHROhLXf/rCZIZc4oVnWw
DA:58,0,nC0JWoRazimEipFiUu96OA
DA:60,0,OV7UQoz5V590oQLwbC4K7A
DA:61,0,cEvKUcbknlsak9rUkTQzjA
DA:62,0,fdQGnpSkQSyugR4IjcFnbg
DA:63,0,FqxCTmzK7AMUDhyTDKMu/A
DA:64,0,W3Tdfaw4vo0oxNqU7SXllw
DA:66,0,QuQJBESQ6rYjQ9q/wLz4pA
DA:68,0,0xTZB8F+m6zTmApVI5vE0A
DA:69,0,EGWXm3inb1ctVlatVgG8uA
DA:71,0,cCzhnT+1tmGi11b28Pmfwg
DA:72,0,EgLiI6ZvRwA2rWH2FlsghA
DA:82,0,xjcDBnSwra0OiNOAYAwoHA
DA:84,0,aOubHsKn+N74rzjWaTmJ3Q
DA:85,0,2pXNnI33zNpYCySfIoSSMg
DA:87,0,/Pybf4xoJmXYHo94yK+DVQ
DA:90,0,yGGyszvadTlgV2b7IF65TQ
DA:96,0,swRYMgq6Kfeoe62F+oeUOw
DA:97,0,Hynk7r/NlaQheb1wWsWfRw
DA:98,0,pKOCUchtyboNP0hti079rQ
DA:99,0,poxmjcW23oz6pRe24OUZjQ
DA:102,0,557uSq7K8WtfgHX0Ztleww
DA:103,0,WIl7TCtIhgr9IjkebjJSRg
DA:104,0,QTJYTdiHoCSjKDUpdF1lJA
DA:107,0,LTSfu5IGMb7JBe6IT2F1Qg
DA:108,0,Aw/H44z0Xme4LwnR9uFg+Q
DA:109,0,shHWDTp4UOxhMcSRvYtJiA
DA:110,0,hU/FPhe/T9otiK9EU3SXZg
DA:113,0,rcwNkmkyAh+8fX/kRG32nA
DA:114,0,oICtVdAzLZ+qFiDOxb6m0Q
DA:115,0,qjIStSpoLV6M0rlnDYbeUA
DA:116,0,tmAUSEY7Bzeh2KJx5FF33g
DA:117,0,p9xeBjDTa7kdxHfiYNuCwg
DA:118,0,hXKICVWFBQVvN1n7cg1Mhw
DA:119,0,Zvpl2D3IZ8hg4EvYz2H7Kw
DA:120,0,hUcrx3I5MlmDu0GPWjuJtQ
DA:121,0,8K0Tj+zRQQ/hIFF6gHN3Sg
DA:122,0,6wlB+As67jeyCA0LnBXlUg
DA:123,0,l6fdFLlkXbFmFJs1VhOsHA
DA:124,0,EN24dFG+Rzcb0Y0r4Ausqg
DA:125,0,I+pi+zqaiGHDnd0YGtAtKQ
DA:126,0,LRh8Jl0wse9h6A5hwGi17A
DA:127,0,hXKICVWFBQVvN1n7cg1Mhw
DA:128,0,Zvpl2D3IZ8hg4EvYz2H7Kw
DA:129,0,vbhXVAFTjbvycD09/Ep67g
DA:130,0,8K0Tj+zRQQ/hIFF6gHN3Sg
DA:131,0,JxchMATuYzhhENvRVCSpyw
DA:132,0,l6fdFLlkXbFmFJs1VhOsHA
DA:134,0,nOh0XibVjw9tduOftkk9cQ
DA:135,0,Y1tmdVCgm2Gs1UK/5wmAOg
DA:136,0,5P+V0zIgEvO7q4ZL91wItg
DA:138,0,5HGDyoVNoLXzvBroqH+Vbg
DA:139,0,oICtVdAzLZ+qFiDOxb6m0Q
DA:140,0,qjIStSpoLV6M0rlnDYbeUA
DA:141,0,3f8JUaaV/s3Efeh5lEZOLw
DA:142,0,VGurp1rwap406ouXYs3Qxw
DA:143,0,I+pi+zqaiGHDnd0YGtAtKQ
DA:144,0,iJ1BlTftG1U3J2aa0tZTCQ
DA:145,0,YjU0cZ/90/CCXvTRq+Zggw
DA:146,0,fG44Rh9urIDbzDA3ak8ywg
DA:147,0,GVNwX9izGu3E19lz8USfRg
DA:149,0,za1UaPsMBWXvb4qDXEDaKw
DA:150,0,5P+V0zIgEvO7q4ZL91wItg
DA:152,0,M/Vb76+2rsR46o/7QqyFoQ
DA:153,0,oICtVdAzLZ+qFiDOxb6m0Q
DA:154,0,qjIStSpoLV6M0rlnDYbeUA
DA:155,0,3f8JUaaV/s3Efeh5lEZOLw
DA:156,0,YjU0cZ/90/CCXvTRq+Zggw
DA:157,0,bGY/E8vpLUB/TYc5WXeQ0g
DA:158,0,q6vmyGFo+E4HSVyHJZwtRg
DA:160,0,I9YoeNpJiKyJ2nXtY52NxA
DA:161,0,5P+V0zIgEvO7q4ZL91wItg
DA:163,0,cCzhnT+1tmGi11b28Pmfwg
DA:164,0,V+3rNaprHBKazVmj8speSw
DA:174,0,xjcDBnSwra0OiNOAYAwoHA
DA:175,0,wfgQR1MSj+Veg7jyVuR6Rg
DA:176,0,rVpYFkoQLZcq8409pElg+A
DA:178,0,fDe5peSvFY7jJq5Q+eBZgA
DA:179,0,q67vddOP+k7PCwJBajnU/A
DA:180,0,Uk1iEqLYWHwxE4nbWtF0CQ
DA:181,0,3biOsC06kxXjdQdwLxrakQ
DA:182,0,io6T8MFqc0sD3MlCYakf9w
DA:183,0,Yk9sRjyOMCVHxhLhFzrh/w
DA:184,0,1V/iBdm5fU3mPs4F0CG4Rg
DA:185,0,76PFZLL7IMeCf7FCx9jumg
DA:187,0,hFWiDVwGmir2iECcFe5e1w
DA:189,0,MJ7OWDvsg8DETjhiU/QcnA
DA:191,0,Xat4qLYyRXOFck7wKnbjOw
DA:192,0,ESVisP1ltyFrguVKW50i+Q
DA:193,0,xvPaQq4YgSs/W1oTqqPeRA
DA:194,0,mJwspb8CaAFrZEb9v9o5cQ
DA:195,0,rQ8MsPhwFbs5tMG5IJGgdQ
DA:197,0,oTokcPMLPwLvitFj+yY5Ag
DA:198,0,rG7tOMO/Ml8AH8KhdE4nHQ
DA:199,0,u1r3b10JMkQSK5vAf3nFTg
DA:201,0,UH1mtiFfnlhXh+OEMhzHBg
DA:203,0,cCzhnT+1tmGi11b28Pmfwg
DA:204,0,X3RRJwWN47qZoia7mVZb1A
DA:250,0,z7Wou3ApBljB+p8f+czE4A
DA:251,0,bfIP5GdFKA2p0Ja8qWPVzw
DA:253,0,Gm8kmhZU/fb9MC2CH2iQUg
DA:255,0,sJBrFtubQz/afiIYo9T4MA
DA:256,0,xvWIcpcyNr0gyGcTkdMxXw
DA:257,0,gFPcZ/ckMAHd/537RrqfGA
DA:258,0,d98SBT+ZXHWZ6uTfdWhKsA
DA:259,0,f7Tryd9xfOAQ+lY7Rt3x0g
DA:260,0,03DVkDmvuI0vLjvUnZXRnA
DA:262,0,+btS2mam8nsX5F9IBMyWfw
DA:263,0,FxdwO6u9+rBU3TGKyyTOog
DA:264,0,ysbglfUa+L+CtPa383HY9Q
DA:266,0,6I/e3LdBbGlocVex9O11vg
DA:267,0,QmWTR8hpnQoPyUn3kP0r8A
DA:269,0,ROXkptFgJx/eDEH863HLjA
DA:270,0,exiLCp1fycmJgEeFDTxYcg
DA:272,0,ZzO1apjPs8sWv2TRdXyIpQ
DA:274,0,CbDeHlS3E37ly68zF5fxLw
DA:275,0,H/MnAXFiP7POsC9jufdDig
DA:276,0,V4NS/h3tTPbDk9bndWyHBw
DA:278,0,N+y86BSGdxdX6M58h2/8bQ
DA:279,0,+GbVtObx6tdeFiZkSx/fPQ
DA:280,0,bObc4Y+cHbbF3BgkwxcsMA
DA:282,0,f5fNOfdqAm0O2Mt44qmkuA
DA:283,0,cYA/QH96KazTiCEDdyMCAg
DA:284,0,jeuh8V4lj4tajhqKBV56VQ
DA:285,0,kPZC7ZRflFUc3N84BiiHfw
DA:286,0,NrDAqEqcJtvmQgQDEuBvhQ
DA:287,0,qRP0TeSYewN6Z1HEi0Hn5Q
DA:289,0,IE3H4uOaISLW8u4cY4kQag
DA:307,0,UQQgpCrtikvA+jOmZJTjmQ
DA:308,0,m1eTtZPs3eMp0at3AdQ4Sw
DA:309,0,mdGmfnXjCWOgDOq4kq/AnA
DA:312,0,j1IkRcMOh08OQUSIek0U4Q
DA:313,0,KsW3itZKha8fr4hmAgZu5A
DA:314,0,T9g6i9tG/KzwSMe4lONTGQ
DA:316,0,dbCA/x5iWNGjpI2iE2bMFg
DA:317,0,fzCsqh5mpNhymEOFiuxyfw
DA:318,0,6PHSnDiHUNk53B6agkhzfw
DA:320,0,ETnugPE32F1bLFV4qt6zZA
LF:178
LH:39
end_of_record
TN:
SF:E:\Github\2023-24d-fai2-adsai-group-cv5\src\models\model_definitions.py
DA:1,1,oLOyQwKqhwQg2izCBndZnw
DA:2,1,dTGL8N3mwxHRqIus2albTA
DA:3,1,BZjojLhJFUpou5GnxPR03A
DA:5,1,63n1rd1Ru1H4EySd1ywAzA
DA:6,1,U8PJTi5x2v2woVRrLtB0wQ
DA:7,1,JhPa1AuWzFxfaE0fenmrbw
DA:10,1,ZmojIbspZ4bIp1CU7Zm0DA
DA:11,1,YPlqg2AVUeJ8C1ncOg0VHw
DA:12,1,854LWEW79Widyr/3rMHgpg
DA:13,1,aUzQWH+2x2zBpC9Q2AYGVg
DA:15,1,pqsnt22la3HkzQ37GV+6sw
DA:16,1,5VxerBisOtAEJH686+2xYA
DA:17,1,4I10UwnmdFxzKcRH+FqmFw
DA:18,1,TDMHQAPrCfdy/Xwz7b3c3w
DA:20,1,R+mfX9m2CN22KUKr9wUnLg
DA:21,1,SsMdCMKJJc2aHTQcT+ClTg
DA:22,1,44K/Pf9RT7Mo19wk42WWFw
DA:23,1,7FblbU+6rQYJcV2xETEi8g
DA:25,1,0dDPSWGBy+aCBLtLjio8TA
DA:26,1,1iJA6VjNcko/ZUYC8oDerQ
DA:27,1,BX2/2vlvQA/yVKTHyd5MAw
DA:28,1,W+DPGrOJgeNv0gwSxb+2vA
DA:30,1,kh7YkjucufB57zA8xFBfsg
DA:31,1,PuWG7bLBahBhI/xXm5TeVQ
DA:32,1,mmLXbGhhv++2o9E+Cvj0Gg
DA:35,1,v/mfurAavTOGe23c0P1Y3A
DA:36,1,QbAHMsa1mpxOIa05TKWZJg
DA:37,1,NFKbSR3tL6C+RvBPqQ54Wg
DA:38,1,S4lX8AXxVlzgMUr0lwJ14w
DA:39,1,Sa83xfZ0NIa/Dm25Q8+yZQ
DA:41,1,l0o4uz1xWjwg3zw/2MqaJA
DA:42,1,/1UxpwD09t1egBFvQQ/LVA
DA:43,1,qmrsPiGxeiHOMnK7I27JVg
DA:44,1,HxNjbLjBlL5trDOoIGu3Vw
DA:45,1,/fioW7fJJD41W3VOKyavzQ
DA:47,1,l8F2QkoEiiUGTfuZkd3XLw
DA:48,1,waocr03D69icFtPodMvAvA
DA:49,1,dnyTt0SPkVFqRossyjhMOw
DA:50,1,qc0zUWzp7osRRBs8UZmJ1Q
DA:51,1,xft6tnrl5BZPPhJJsjeijw
DA:53,1,43Y4DXVDhAXGtvvvEbtFTw
DA:54,1,DS/ZK1EPWDTnkw+VGGDI/w
DA:55,1,/jJubmbX6UbWMqWIXezYeQ
DA:56,1,c4UWx6UVosz+1YJF5GhK/Q
DA:57,1,Bsfpw/Xls5lAC755T5cQ7w
DA:60,1,WenqeNj8U8UHyd7CZS6ycg
DA:62,1,vgnVP4byi4uYE7K1k+C9eQ
DA:63,1,OQ3gGvATPVBuHxqm1BcIxw
DA:65,1,q4+T8oPAOsiYQ2YGpmuyJA
LF:49
LH:49
end_of_record
TN:
SF:E:\Github\2023-24d-fai2-adsai-group-cv5\src\models\model_evaluation.py
DA:1,1,O85PbI+TfGpd5fGbZI0esQ
DA:4,1,gQtn2cR3SotA06JWvO38ew
DA:21,1,MuMqdo4cAVpuqyxWrTE53w
DA:5,0,vRusDNkPIwOb5Hq2L6vtzA
DA:6,0,+c+blVPQw2cCVaUvb2EnUg
DA:7,0,PtflzLZCLnhIr9uW0o4tKQ
DA:8,0,+KHc0nRSLkOp3nnEg6FfCQ
DA:9,0,SFE67pySl77HEtqtIdSbfg
DA:11,0,kSwt30Xjp9ufPNU0t5BX4A
DA:12,0,+c+blVPQw2cCVaUvb2EnUg
DA:13,0,mtMjUE1wUjyMWowy3xvoGw
DA:14,0,/7yGklbFiE98HdYJX2qQSg
DA:15,0,AjVsdsIm3UxQdnUXN1JKEQ
DA:17,0,O/k2CL0E1cIbJYKkc/MAWQ
DA:19,0,6+YG+BGunkdqxi4qNih2sQ
DA:22,0,Jt6AhlgxVvhvR/GsAufq5g
DA:23,0,YjzznyorhsDxA4zQa3Zutw
DA:24,0,LoI4Cb9XmfvLv7JOO6/mKA
DA:25,0,WkvIreyrK/r0IcwqNH1dLA
DA:26,0,dW85mTshUTD8p8MKeIb0iA
DA:27,0,ew6csexKakENwGWTdroGyw
LF:21
LH:3
end_of_record
TN:
SF:E:\Github\2023-24d-fai2-adsai-group-cv5\src\models\model_training.py
DA:1,1,EZEzNmL93PY96zsSuI0PfQ
DA:2,1,7Z9Lj4ed27Wf2hBX6jooEA
DA:4,1,76gMxZk27ccEMjhEzqV59Q
DA:5,1,H6Ih3lhVTepkL/uzTHkubA
DA:6,1,IWWjrCeOtk8NNtrE95++2g
DA:7,1,O85PbI+TfGpd5fGbZI0esQ
DA:8,1,gou6H2C1m/TvvEWVJsOqHQ
DA:9,1,1NIYWMv9FyMD8/W+PRaTJA
DA:10,1,vaTwRAxnhifmGaFcjD6iow
DA:11,1,9yghGeJR/L27RnjrZG+TuA
DA:13,1,rwPlQ/sx6Ps7HsFG/nvGVg
DA:14,1,o7Ud8syBPoER0HmlHAletQ
DA:15,1,BzjracXiHAk78TjOoSU+5g
DA:16,1,gGTQvjsCFZRTAK01JA8k5Q
DA:18,1,ClXHah69IYx6yMbvriRXKw
DA:21,1,QFsZlXGxGyLglnbLzJHWMA
DA:22,1,gFdnwIzxJ64X+nD2UauP7A
DA:24,1,pxKZO5TvcHF0UIOxM9hsiw
DA:27,1,XJxht7ucZQ955bk9GneObg
DA:28,1,1jM1i+BD+o2k0hVPDEHF0Q
DA:29,1,SReuI+KHE9uNuhpy1APhEA
DA:32,1,7pmS82Nw7U5C07abWoNkyA
DA:36,1,Kdm8oRCnjOC37Rbjy9jWcw
DA:37,1,2/gnlvQ8EfJp30HqAvpYfQ
DA:40,1,RHBOZiTCRlEzLr2RE2qXqw
DA:42,1,BCflkwuCmwm1AaC5ToCQYQ
DA:120,1,WASM3HMV5gTVCLqWzDFhJg
DA:150,1,2LMYHMcScrMrmryeEoRpeg
DA:228,1,ud8br94bZH6zIJgBlZ52Xw
DA:242,1,D6Tyym8K9ZfUPjUSAjNFPw
DA:277,1,UdvIQuj9SJpSlSiZOvi0XA
DA:56,0,gkoxNgEeaMTB+d0IH+kfXQ
DA:59,0,SMEM1b48xMrZc1jDFz+8ew
DA:60,0,t+CWHQjKSMmzL6xG5w2McA
DA:71,0,WDaC4GKO/bKOnXujkNtBGg
DA:82,0,OrxOP2x/NOwHSgcTBmBUCw
DA:83,0,2o7QySkzhR3rPEr6SW8vFw
DA:84,0,RaxynovzRcDNfZ2YdMcf9g
DA:87,0,NM8xUacAWY4hl8f+eh8/WA
DA:88,0,Gr55PTHK9OkMz+lL8MkbGg
DA:99,0,JQXt8wSBOvshk4QBwnsW5g
DA:110,0,/ahrEgDHxwIJQ93t3DVJYQ
DA:111,0,vHOo4AynzFEudHR5mIT9pw
DA:112,0,RaxynovzRcDNfZ2YdMcf9g
DA:115,0,sOr/+xonSc67fKYH6S2npg
DA:116,0,Z188X+MSfgemQnGDwLwiYw
DA:118,0,VBiHbEWeYI9NlHS30Uj6iA
DA:128,0,FI3Uf7/WSjSy4vugWPDo9w
DA:129,0,xvWIcpcyNr0gyGcTkdMxXw
DA:130,0,iLMxUfJuQHSXgyOxGoW5xA
DA:131,0,gpvdhIorxvxfBdbPzm8LOg
DA:134,0,UBLWQUfYZgrKXwMK9nmNHQ
DA:135,0,aCMqMVLgaxB4pRt46TKq5g
DA:136,0,eqbXBPv2ES+sqKXPKY+Ruw
DA:138,0,QF7JN01R14jXH3bNXHUlJQ
DA:140,0,d/0U0SDsOUwPSGxEKioUlQ
DA:142,0,dvB8ylx+l2WTQTsX/FgNew
DA:143,0,pOJwuGdEbe7GLbMcySd1QA
DA:145,0,NrDAqEqcJtvmQgQDEuBvhQ
DA:146,0,b28vy0UjaLl6kw8+ys2e0A
DA:147,0,HRmYgrUgQRrlHMAQ7gWdXQ
DA:162,0,xjcDBnSwra0OiNOAYAwoHA
DA:163,0,fDR+1cuAv4+eg4NEvtAdgQ
DA:165,0,nU/WJkglg3PRAFwUGtyQDw
DA:166,0,X4eQC2GypQK0gzr9/YInZw
DA:168,0,s2VZOwwVl2SHuPylxqJpcw
DA:169,0,7qnAzAWJMWgWNav7clo8Og
DA:171,0,Uk1iEqLYWHwxE4nbWtF0CQ
DA:172,0,VyJc/8FP5QV+dwMC1SWYgw
DA:180,0,rG7tOMO/Ml8AH8KhdE4nHQ
DA:181,0,5ecR7AUeYzrJ0bCZiRxfUw
DA:183,0,0cFgcDzwNR72DxUhRry1/g
DA:185,0,F92WOhThsAkCl4BArQRPRA
DA:186,0,5G15zKqffMwv0Ik+R8SNMw
DA:188,0,1FBYkSR7HajHUAAA9lieXQ
DA:189,0,kW6O3Gk9sA0RhQD7Eho0jg
DA:190,0,Qmsb601ANP10C7727Wxfww
DA:193,0,J2KFWS/0nR+MFJqMYuznuA
DA:194,0,uMz5aBnGWLILixV+0SP+cA
DA:195,0,4BtpJ4x58IfglNhHu4/fYQ
DA:197,0,cKgvyy16LrBJQ34zH8RJzg
DA:198,0,IA8RdnIYcNkn1cw8bl4wUQ
DA:199,0,3e1DcusNDg0RD7yX/6rSkA
DA:200,0,cELz9HJrIJG8IxPgS4JZ4g
DA:201,0,g2EbxASXUoo1YrZiDfGrnQ
DA:202,0,DhRPT+Xy0CO3zJdzGhY56g
DA:203,0,USyC1WVkQ2nSiopkxqpdlA
DA:204,0,QjI+utdLRMRu1tJ0ahxcbw
DA:205,0,DhRPT+Xy0CO3zJdzGhY56g
DA:208,0,6ytU5z7MdePMbup+VzqJgA
DA:209,0,EoX+oTLdPdvpkGN6/HcULg
DA:212,0,79Odvihtru/d11BYq73N+Q
DA:213,0,kyv0e79UOV5A2P6jMqs7mQ
DA:214,0,99ioCtdGxYoLpSJsW/qTkg
DA:215,0,QNJVWgRJXosWv9zCpArAoA
DA:217,0,LpVVCh6gLlOPZD1ZHTotnw
DA:218,0,11t0u79/W19yZbi5mRtvRw
DA:219,0,5mi3yiwapWdxNB8KuRazVA
DA:220,0,0s4F0q7G/ESQT/4h4sitMA
DA:221,0,/khYIxJPQhOHMKsT6LMLxA
DA:222,0,ekzeSx/pvlz7roVDyC+rzw
DA:223,0,cCzhnT+1tmGi11b28Pmfwg
DA:224,0,5HNqSZfY/YvMZjL3gCHS3A
DA:226,0,B+ZJQ8zBxPMiDZhsnR0Fag
DA:238,0,aRPU7MvvaDQ715aEGn08ow
DA:240,0,lTVd0BO4OVMdOV20G98dDA
DA:254,0,A2My+TStuqB+WKhA3tw/KA
DA:257,0,CDOW6fgACMA9nJ/FVfRy1A
DA:258,0,yACH0eYW370FlOjCfp3W/A
DA:259,0,sykj//b4CiGdn/rzycxsOA
DA:262,0,WnNZdfROralS9mb2Co2viA
DA:265,0,EnWvC8t0RGH81e6ghsoa7w
DA:268,0,3r88WtN1C8+lStn4T6Eqjg
DA:271,0,k4iRgCRFrzegOQFGGCpPBQ
DA:274,0,LmRg9i15UcYF5AAjURrU0w
DA:276,0,Lk5zMbhDOjm5GOzOb5XQdw
DA:287,0,6+O4Bjb6dNNSEPBX+0Bmvw
DA:288,0,QFL/kLlI2TJ+yuOtbQjYzw
DA:289,0,vRmppOlLaoSTesFBccLGhw
DA:290,0,/zUis2Vm4KxkdnEOUeyBAg
DA:291,0,sgVoAKISEfL8k7RD/TKJNw
DA:292,0,APJKyUBByBNxgJzbma5MHg
DA:294,0,V59q2/tX7QQtMGOaLWTFcw
DA:295,0,eNkb1CoNIeWrBCWAvdzbeg
LF:124
LH:31
end_of_record
TN:
SF:E:\Github\2023-24d-fai2-adsai-group-cv5\src\models\model_work.py
DA:1,1,7Z9Lj4ed27Wf2hBX6jooEA
DA:2,1,+8YahD62n0S2jofr21B2nA
DA:3,1,76gMxZk27ccEMjhEzqV59Q
DA:4,1,IWWjrCeOtk8NNtrE95++2g
DA:5,1,iOpEp075KFoT80/f5atjEA
DA:6,1,Gy0XWvf3BUa+VZMv1QUcXQ
DA:7,1,vaTwRAxnhifmGaFcjD6iow
DA:8,1,rwPlQ/sx6Ps7HsFG/nvGVg
DA:9,1,0B6Io+kI432M7+gA6y4hVg
DA:10,1,XvnChSVrS1TScJL53Pc3AQ
DA:11,1,BZjojLhJFUpou5GnxPR03A
DA:12,1,gGTQvjsCFZRTAK01JA8k5Q
DA:13,1,B6Q08wE8sLZw2TuFj57FjQ
DA:14,1,gFdnwIzxJ64X+nD2UauP7A
DA:15,1,pxKZO5TvcHF0UIOxM9hsiw
DA:16,1,qcBJK9gwLT9mWTYEmU7V8Q
DA:18,1,+0Thkp4GVlHH+2KCUjuZeg
DA:20,1,ud8br94bZH6zIJgBlZ52Xw
DA:30,1,kb+Z1mxHi/Y4286aaH+2jw
DA:33,1,D6Tyym8K9ZfUPjUSAjNFPw
DA:45,1,A2My+TStuqB+WKhA3tw/KA
DA:46,1,ZAVEhWS6DLvfN6bxw9q3Zg
DA:50,1,kZKWQuZzx1zzRr0Uochm+g
DA:51,1,eHV0CFjkwad40WjHelfHXA
DA:52,1,sRIuzKy15TxGo3+JxRORRQ
DA:55,1,2xkaKLFcfonVbBrv/GtQxA
DA:56,1,NAD7wj0FDhjH8ZyWMaAWlQ
DA:57,1,wAb7mc834ttuBzeTRqI/OQ
DA:58,1,K1kSWZ77gvxL2SXqzJbaAg
DA:59,1,Lk5zMbhDOjm5GOzOb5XQdw
DA:61,1,UdvIQuj9SJpSlSiZOvi0XA
DA:71,1,6+O4Bjb6dNNSEPBX+0Bmvw
DA:72,1,QFL/kLlI2TJ+yuOtbQjYzw
DA:73,1,z7Blm0bzGKzlvafYC5hp+g
DA:74,1,/zUis2Vm4KxkdnEOUeyBAg
DA:75,1,W82sXjdPEA/q3DKG9xgtPA
DA:76,1,5ZWNlYyP0gX9g7VZmoNyhQ
DA:80,1,ooVVTRFNNdVviloauTi3Zg
DA:82,1,cLD7flLe2iHQZ+SVIntfow
DA:93,1,ZsSE2EYFtfHUfAajS3aRjg
DA:98,1,73R3UoITwDQN8IpmZmsLKw
DA:101,1,lBVeGKAFdxUp5pNErTA3Iw
DA:104,1,tnms0zC+Fn4niNvkhOet7w
DA:107,1,ibGm5xD7cSw05HCpN69C2Q
DA:109,1,mYTysSamK0KAuLZbCoW6LQ
DA:112,1,wbKNqThBNSa/+mt5P45adw
DA:124,1,v2p5yAUNuXaf8CHOPbP0sw
DA:125,1,Um1rdPiqzdgboQ4Z302BrA
DA:128,1,6fL+qeywce/RYF8TzXGBqw
DA:129,1,KuPi+mA1JSkX0qs6ploRiQ
DA:130,1,jvXZilbxVePhKkn5BjodOA
DA:132,1,aNJIO1P4vSrw8usnvG1FKQ
DA:134,1,h9Hz+pkTFoabE47JlhkLVA
DA:135,1,1mMDR/X9A/hlZRHeehpX8w
DA:136,1,JjKaKXkOu0NDMk4LCHdHbw
DA:137,1,LJ3qEI2SMYOXRBAZQAnRag
DA:138,1,Ub8Hn9t25PPM7+HdoeRi+A
DA:140,1,fwu+JI525pVkayQTAq0eiQ
DA:141,1,zmxwJBrswhlEMaz0fBwmbQ
DA:144,1,TBOwHA0zS/BsT4lFYYRnMA
DA:145,1,eatfD/TM7LuuGxwwj9MAeQ
DA:147,1,xjcDBnSwra0OiNOAYAwoHA
DA:149,1,rt8OZvpK2M2aJDZguKxSkw
DA:154,1,5WuFWbXg//NMKmoIiOxtLQ
DA:47,0,67Z5CCfJomV9yUVX88K9JQ
DA:48,0,3CIT9XTx+8Wq2E2NBBYeyw
DA:53,0,sPigG1fNDPJFkGn4WxCU8g
DA:150,0,7OJmTHByRaEklBvP2/RqUQ
DA:152,0,+uf+D4T5gujTVV4zfv7Yuw
LF:69
LH:64
end_of_record
